[01m[K/home/vboxuser/ros2_ws/src/autoronto_app_task_ima/src/test_pub.cpp:[m[K In member function â€˜[01m[Kvoid InputPublisher::timer_callback()[m[Kâ€™:
[01m[K/home/vboxuser/ros2_ws/src/autoronto_app_task_ima/src/test_pub.cpp:37:41:[m[K [01;31m[Kerror: [m[Kâ€˜[01m[Kclass InputPublisher[m[Kâ€™ has no member named â€˜[01m[KgetNumSubscribers[m[Kâ€™
   37 |                 uint32_t numSub = this->[01;31m[KgetNumSubscribers[m[K();
      |                                         [01;31m[K^~~~~~~~~~~~~~~~~[m[K
[01m[K/home/vboxuser/ros2_ws/src/autoronto_app_task_ima/src/test_pub.cpp:[m[K In member function â€˜[01m[Kvoid TargetPublisher::timer_callback()[m[Kâ€™:
[01m[K/home/vboxuser/ros2_ws/src/autoronto_app_task_ima/src/test_pub.cpp:85:34:[m[K [01;31m[Kerror: [m[Kâ€˜[01m[Kclass TargetPublisher[m[Kâ€™ has no member named â€˜[01m[KgetNumSubscribers[m[Kâ€™
   85 |         uint32_t numSub =  this->[01;31m[KgetNumSubscribers[m[K();
      |                                  [01;31m[K^~~~~~~~~~~~~~~~~[m[K
gmake[2]: *** [CMakeFiles/talker.dir/build.make:76: CMakeFiles/talker.dir/src/test_pub.cpp.o] Error 1
gmake[1]: *** [CMakeFiles/Makefile2:141: CMakeFiles/talker.dir/all] Error 2
gmake: *** [Makefile:146: all] Error 2
