[0.055s] Invoking command in '/home/vboxuser/ros2_ws/src/autoronto_app_task_ima/build/autoronto_app_task_ima': CMAKE_PREFIX_PATH=${CMAKE_PREFIX_PATH}:/opt/ros/humble /usr/bin/cmake --build /home/vboxuser/ros2_ws/src/autoronto_app_task_ima/build/autoronto_app_task_ima -- -j2 -l2
[0.568s] [35m[1mConsolidate compiler generated dependencies of target listener[0m
[0.726s] [ 33%] Built target listener
[0.754s] [ 50%] [32mBuilding CXX object CMakeFiles/talker.dir/src/test_pub.cpp.o[0m
[1.044s] [ 83%] Built target solver
[28.920s] [01m[K/home/vboxuser/ros2_ws/src/autoronto_app_task_ima/src/test_pub.cpp:[m[K In member function â€˜[01m[Kvoid InputPublisher::timer_callback()[m[Kâ€™:
[28.921s] [01m[K/home/vboxuser/ros2_ws/src/autoronto_app_task_ima/src/test_pub.cpp:45:50:[m[K [01;31m[Kerror: [m[Ktoo many initializers for â€˜[01m[Kint8_t [9][m[Kâ€™ {aka â€˜[01m[Ksigned char [9][m[Kâ€™}
[28.921s]    45 |     int8_t payload[9] = {1,2,3,5,8,13,21,34,55,89[01;31m[K}[m[K; // these are possible elements for sum
[28.921s]       |                                                  [01;31m[K^[m[K
[28.922s] [01m[K/home/vboxuser/ros2_ws/src/autoronto_app_task_ima/src/test_pub.cpp:47:27:[m[K [01;31m[Kerror: [m[Krequest for member â€˜[01m[Kbegin[m[Kâ€™ in â€˜[01m[Kpayload[m[Kâ€™, which is of non-class type â€˜[01m[Kint8_t [9][m[Kâ€™ {aka â€˜[01m[Ksigned char [9][m[Kâ€™}
[28.922s]    47 |     std::shuffle (payload.[01;31m[Kbegin[m[K(), payload.end(), std::default_random_engine(seed)); // shuffle the order of payload
[29.093s]       |                           [01;31m[K^~~~~[m[K
[29.094s] [01m[K/home/vboxuser/ros2_ws/src/autoronto_app_task_ima/src/test_pub.cpp:47:44:[m[K [01;31m[Kerror: [m[Krequest for member â€˜[01m[Kend[m[Kâ€™ in â€˜[01m[Kpayload[m[Kâ€™, which is of non-class type â€˜[01m[Kint8_t [9][m[Kâ€™ {aka â€˜[01m[Ksigned char [9][m[Kâ€™}
[29.094s]    47 |     std::shuffle (payload.begin(), payload.[01;31m[Kend[m[K(), std::default_random_engine(seed)); // shuffle the order of payload
[29.094s]       |                                            [01;31m[K^~~[m[K
[29.120s] [01m[K/home/vboxuser/ros2_ws/src/autoronto_app_task_ima/src/test_pub.cpp:47:56:[m[K [01;31m[Kerror: [m[Kâ€˜[01m[Kdefault_random_engine[m[Kâ€™ is not a member of â€˜[01m[Kstd[m[Kâ€™
[29.120s]    47 |   std::shuffle (payload.begin(), payload.end(), std::[01;31m[Kdefault_random_engine[m[K(seed)); // shuffle the order of payload
[29.121s]       |                                                      [01;31m[K^~~~~~~~~~~~~~~~~~~~~[m[K
[29.121s] 
[29.121s] [01m[K/home/vboxuser/ros2_ws/src/autoronto_app_task_ima/src/test_pub.cpp:50:24:[m[K [01;35m[Kwarning: [m[Kunused variable â€˜[01m[Ktmp[m[Kâ€™ [[01;35m[K]8;;https://gcc.gnu.org/onlinedocs/gcc/Warning-Options.html#index-Wunused-variable-Wunused-variable]8;;[m[K]
[29.122s]    50 |                 int8_t [01;35m[Ktmp[m[K=payload[i];
[29.122s]       |                        [01;35m[K^~~[m[K
[29.154s] [01m[K/home/vboxuser/ros2_ws/src/autoronto_app_task_ima/src/test_pub.cpp:[m[K In member function â€˜[01m[Kvoid TargetPublisher::timer_callback()[m[Kâ€™:
[29.154s] [01m[K/home/vboxuser/ros2_ws/src/autoronto_app_task_ima/src/test_pub.cpp:89:49:[m[K [01;31m[Kerror: [m[Knarrowing conversion of â€˜[01m[K144[m[Kâ€™ from â€˜[01m[Kint[m[Kâ€™ to â€˜[01m[Kint8_t[m[Kâ€™ {aka â€˜[01m[Ksigned char[m[Kâ€™} [[01;31m[K]8;;https://gcc.gnu.org/onlinedocs/gcc/Warning-Options.html#index-Wnarrowing-Wnarrowing]8;;[m[K]
[29.154s]    89 |         int8_t LUT[9] ={3,5,8,13,21,34,55,89,144[01;31m[K}[m[K; // for testing purpose create array of fibonacci numbers
[29.154s]       |                                                 [01;31m[K^[m[K
[29.346s] [01m[K/home/vboxuser/ros2_ws/src/autoronto_app_task_ima/src/test_pub.cpp:92:33:[m[K [01;31m[Kerror: [m[Kâ€˜[01m[Kmsg_array[m[Kâ€™ was not declared in this scope
[29.346s]    92 |                 message.data =  [01;31m[Kmsg_array[m[K[index];
[29.347s]       |                                 [01;31m[K^~~~~~~~~[m[K
[29.359s] [01m[K/home/vboxuser/ros2_ws/src/autoronto_app_task_ima/src/test_pub.cpp:89:16:[m[K [01;35m[Kwarning: [m[Kunused variable â€˜[01m[KLUT[m[Kâ€™ [[01;35m[K]8;;https://gcc.gnu.org/onlinedocs/gcc/Warning-Options.html#index-Wunused-variable-Wunused-variable]8;;[m[K]
[29.359s]    89 |         int8_t [01;35m[KLUT[m[K[9] ={3,5,8,13,21,34,55,89,144}; // for testing purpose create array of fibonacci numbers
[29.359s]       |                [01;35m[K^~~[m[K
[40.458s] gmake[2]: *** [CMakeFiles/talker.dir/build.make:76: CMakeFiles/talker.dir/src/test_pub.cpp.o] Error 1
[40.458s] gmake[1]: *** [CMakeFiles/Makefile2:141: CMakeFiles/talker.dir/all] Error 2
[40.463s] gmake: *** [Makefile:146: all] Error 2
[40.478s] Invoked command in '/home/vboxuser/ros2_ws/src/autoronto_app_task_ima/build/autoronto_app_task_ima' returned '2': CMAKE_PREFIX_PATH=${CMAKE_PREFIX_PATH}:/opt/ros/humble /usr/bin/cmake --build /home/vboxuser/ros2_ws/src/autoronto_app_task_ima/build/autoronto_app_task_ima -- -j2 -l2
