[01m[K/home/vboxuser/ros2_ws/src/autoronto_app_task_ima/src/test_pub.cpp:[m[K In member function â€˜[01m[Kvoid InputPublisher::timer_callback()[m[Kâ€™:
[01m[K/home/vboxuser/ros2_ws/src/autoronto_app_task_ima/src/test_pub.cpp:47:78:[m[K [01;31m[Kerror: [m[Kâ€˜[01m[Kdefault_random_engine[m[Kâ€™ is not a member of â€˜[01m[Kstd[m[Kâ€™
   47 | huffle (std::begin(payload), std::end(payload), std::[01;31m[Kdefault_random_engine[m[K(seed)); // shuffle the order of payload
      |                                                      [01;31m[K^~~~~~~~~~~~~~~~~~~~~[m[K

gmake[2]: *** [CMakeFiles/talker.dir/build.make:76: CMakeFiles/talker.dir/src/test_pub.cpp.o] Error 1
gmake[1]: *** [CMakeFiles/Makefile2:141: CMakeFiles/talker.dir/all] Error 2
gmake: *** [Makefile:146: all] Error 2
