[01m[K/home/vboxuser/ros2_ws/src/autoronto_app_task_ima/src/solution.cpp:[m[K In member function â€˜[01m[Kvoid time_sync::SyncCallback(const ConstSharedPtr&, const ConstSharedPtr&)[m[Kâ€™:
[01m[K/home/vboxuser/ros2_ws/src/autoronto_app_task_ima/src/solution.cpp:64:17:[m[K [01;31m[Kerror: [m[Kâ€˜[01m[Kstring[m[Kâ€™ was not declared in this scope
   64 |                 [01;31m[Kstring[m[K log_this = "";
      |                 [01;31m[K^~~~~~[m[K
[01m[K/home/vboxuser/ros2_ws/src/autoronto_app_task_ima/src/solution.cpp:64:17:[m[K [01;36m[Knote: [m[Ksuggested alternatives:
In file included from [01m[K/usr/include/c++/11/iosfwd:39[m[K,
                 from [01m[K/usr/include/c++/11/bits/shared_ptr.h:52[m[K,
                 from [01m[K/usr/include/c++/11/memory:77[m[K,
                 from [01m[K/home/vboxuser/ros2_ws/src/autoronto_app_task_ima/src/solution.cpp:7[m[K:
[01m[K/usr/include/c++/11/bits/stringfwd.h:79:33:[m[K [01;36m[Knote: [m[K  â€˜[01m[Kstd::string[m[Kâ€™
   79 |   typedef basic_string<char>    [01;36m[Kstring[m[K;
      |                                 [01;36m[K^~~~~~[m[K
In file included from [01m[K/home/vboxuser/ros2_ws/src/autoronto_app_task_ima/src/solution.cpp:8[m[K:
[01m[K/usr/include/c++/11/string:67:11:[m[K [01;36m[Knote: [m[K  â€˜[01m[Kstd::pmr::string[m[Kâ€™
   67 |     using [01;36m[Kstring[m[K    = basic_string<char>;
      |           [01;36m[K^~~~~~[m[K
[01m[K/home/vboxuser/ros2_ws/src/autoronto_app_task_ima/src/solution.cpp:69:49:[m[K [01;31m[Kerror: [m[Kâ€˜[01m[Klog_this[m[Kâ€™ was not declared in this scope
   69 |                                                 [01;31m[Klog_this[m[K += "input: [" + to_string(tmp) + ", ";
      |                                                 [01;31m[K^~~~~~~~[m[K
[01m[K/home/vboxuser/ros2_ws/src/autoronto_app_task_ima/src/solution.cpp:69:74:[m[K [01;31m[Kerror: [m[Kâ€˜[01m[Kto_string[m[Kâ€™ was not declared in this scope
   69 |                                                 log_this += "input: [" + [01;31m[Kto_string[m[K(tmp) + ", ";
      |                                                                          [01;31m[K^~~~~~~~~[m[K
[01m[K/home/vboxuser/ros2_ws/src/autoronto_app_task_ima/src/solution.cpp:69:74:[m[K [01;36m[Knote: [m[Ksuggested alternatives:
In file included from [01m[K/usr/include/c++/11/string:55[m[K,
                 from [01m[K/home/vboxuser/ros2_ws/src/autoronto_app_task_ima/src/solution.cpp:8[m[K:
[01m[K/usr/include/c++/11/bits/basic_string.h:6739:3:[m[K [01;36m[Knote: [m[K  â€˜[01m[Kstd::__cxx11::to_string[m[Kâ€™
 6739 |   [01;36m[Kto_string[m[K(long double __val)
      |   [01;36m[K^~~~~~~~~[m[K
In file included from [01m[K/opt/ros/humble/include/rclcpp/rclcpp/parameter.hpp:26[m[K,
                 from [01m[K/opt/ros/humble/include/rclcpp/rclcpp/node_interfaces/node_parameters_interface.hpp:28[m[K,
                 from [01m[K/opt/ros/humble/include/rclcpp/rclcpp/node.hpp:54[m[K,
                 from [01m[K/opt/ros/humble/include/rclcpp/rclcpp/executors/single_threaded_executor.hpp:28[m[K,
                 from [01m[K/opt/ros/humble/include/rclcpp/rclcpp/executors.hpp:22[m[K,
                 from [01m[K/opt/ros/humble/include/rclcpp/rclcpp/rclcpp.hpp:155[m[K,
                 from [01m[K/home/vboxuser/ros2_ws/src/autoronto_app_task_ima/src/solution.cpp:9[m[K:
[01m[K/opt/ros/humble/include/rclcpp/rclcpp/parameter_value.hpp:361:1:[m[K [01;36m[Knote: [m[K  â€˜[01m[Krclcpp::to_string[m[Kâ€™
  361 | [01;36m[Kto_string[m[K(const ParameterValue & type);
      | [01;36m[K^~~~~~~~~[m[K
[01m[K/home/vboxuser/ros2_ws/src/autoronto_app_task_ima/src/solution.cpp:72:49:[m[K [01;31m[Kerror: [m[Kâ€˜[01m[Klog_this[m[Kâ€™ was not declared in this scope
   72 |                                                 [01;31m[Klog_this[m[K += to_string(tmp) + "]";
      |                                                 [01;31m[K^~~~~~~~[m[K
[01m[K/home/vboxuser/ros2_ws/src/autoronto_app_task_ima/src/solution.cpp:72:61:[m[K [01;31m[Kerror: [m[Kâ€˜[01m[Kto_string[m[Kâ€™ was not declared in this scope
   72 |                                                 log_this += [01;31m[Kto_string[m[K(tmp) + "]";
      |                                                             [01;31m[K^~~~~~~~~[m[K
[01m[K/home/vboxuser/ros2_ws/src/autoronto_app_task_ima/src/solution.cpp:72:61:[m[K [01;36m[Knote: [m[Ksuggested alternatives:
In file included from [01m[K/usr/include/c++/11/string:55[m[K,
                 from [01m[K/home/vboxuser/ros2_ws/src/autoronto_app_task_ima/src/solution.cpp:8[m[K:
[01m[K/usr/include/c++/11/bits/basic_string.h:6739:3:[m[K [01;36m[Knote: [m[K  â€˜[01m[Kstd::__cxx11::to_string[m[Kâ€™
 6739 |   [01;36m[Kto_string[m[K(long double __val)
      |   [01;36m[K^~~~~~~~~[m[K
In file included from [01m[K/opt/ros/humble/include/rclcpp/rclcpp/parameter.hpp:26[m[K,
                 from [01m[K/opt/ros/humble/include/rclcpp/rclcpp/node_interfaces/node_parameters_interface.hpp:28[m[K,
                 from [01m[K/opt/ros/humble/include/rclcpp/rclcpp/node.hpp:54[m[K,
                 from [01m[K/opt/ros/humble/include/rclcpp/rclcpp/executors/single_threaded_executor.hpp:28[m[K,
                 from [01m[K/opt/ros/humble/include/rclcpp/rclcpp/executors.hpp:22[m[K,
                 from [01m[K/opt/ros/humble/include/rclcpp/rclcpp/rclcpp.hpp:155[m[K,
                 from [01m[K/home/vboxuser/ros2_ws/src/autoronto_app_task_ima/src/solution.cpp:9[m[K:
[01m[K/opt/ros/humble/include/rclcpp/rclcpp/parameter_value.hpp:361:1:[m[K [01;36m[Knote: [m[K  â€˜[01m[Krclcpp::to_string[m[Kâ€™
  361 | [01;36m[Kto_string[m[K(const ParameterValue & type);
      | [01;36m[K^~~~~~~~~[m[K
[01m[K/home/vboxuser/ros2_ws/src/autoronto_app_task_ima/src/solution.cpp:75:49:[m[K [01;31m[Kerror: [m[Kâ€˜[01m[Klog_this[m[Kâ€™ was not declared in this scope
   75 |                                                 [01;31m[Klog_this[m[K += to_string(tmp) + ", ";
      |                                                 [01;31m[K^~~~~~~~[m[K
[01m[K/home/vboxuser/ros2_ws/src/autoronto_app_task_ima/src/solution.cpp:75:61:[m[K [01;31m[Kerror: [m[Kâ€˜[01m[Kto_string[m[Kâ€™ was not declared in this scope
   75 |                                                 log_this += [01;31m[Kto_string[m[K(tmp) + ", ";
      |                                                             [01;31m[K^~~~~~~~~[m[K
[01m[K/home/vboxuser/ros2_ws/src/autoronto_app_task_ima/src/solution.cpp:75:61:[m[K [01;36m[Knote: [m[Ksuggested alternatives:
In file included from [01m[K/usr/include/c++/11/string:55[m[K,
                 from [01m[K/home/vboxuser/ros2_ws/src/autoronto_app_task_ima/src/solution.cpp:8[m[K:
[01m[K/usr/include/c++/11/bits/basic_string.h:6739:3:[m[K [01;36m[Knote: [m[K  â€˜[01m[Kstd::__cxx11::to_string[m[Kâ€™
 6739 |   [01;36m[Kto_string[m[K(long double __val)
      |   [01;36m[K^~~~~~~~~[m[K
In file included from [01m[K/opt/ros/humble/include/rclcpp/rclcpp/parameter.hpp:26[m[K,
                 from [01m[K/opt/ros/humble/include/rclcpp/rclcpp/node_interfaces/node_parameters_interface.hpp:28[m[K,
                 from [01m[K/opt/ros/humble/include/rclcpp/rclcpp/node.hpp:54[m[K,
                 from [01m[K/opt/ros/humble/include/rclcpp/rclcpp/executors/single_threaded_executor.hpp:28[m[K,
                 from [01m[K/opt/ros/humble/include/rclcpp/rclcpp/executors.hpp:22[m[K,
                 from [01m[K/opt/ros/humble/include/rclcpp/rclcpp/rclcpp.hpp:155[m[K,
                 from [01m[K/home/vboxuser/ros2_ws/src/autoronto_app_task_ima/src/solution.cpp:9[m[K:
[01m[K/opt/ros/humble/include/rclcpp/rclcpp/parameter_value.hpp:361:1:[m[K [01;36m[Knote: [m[K  â€˜[01m[Krclcpp::to_string[m[Kâ€™
  361 | [01;36m[Kto_string[m[K(const ParameterValue & type);
      | [01;36m[K^~~~~~~~~[m[K
In file included from [01m[K/opt/ros/humble/include/rclcpp/rclcpp/logging.hpp:24[m[K,
                 from [01m[K/opt/ros/humble/include/rclcpp/rclcpp/client.hpp:40[m[K,
                 from [01m[K/opt/ros/humble/include/rclcpp/rclcpp/callback_group.hpp:24[m[K,
                 from [01m[K/opt/ros/humble/include/rclcpp/rclcpp/any_executable.hpp:20[m[K,
                 from [01m[K/opt/ros/humble/include/rclcpp/rclcpp/memory_strategy.hpp:25[m[K,
                 from [01m[K/opt/ros/humble/include/rclcpp/rclcpp/memory_strategies.hpp:18[m[K,
                 from [01m[K/opt/ros/humble/include/rclcpp/rclcpp/executor_options.hpp:20[m[K,
                 from [01m[K/opt/ros/humble/include/rclcpp/rclcpp/executor.hpp:37[m[K,
                 from [01m[K/opt/ros/humble/include/rclcpp/rclcpp/executors/multi_threaded_executor.hpp:25[m[K,
                 from [01m[K/opt/ros/humble/include/rclcpp/rclcpp/executors.hpp:21[m[K,
                 from [01m[K/opt/ros/humble/include/rclcpp/rclcpp/rclcpp.hpp:155[m[K,
                 from [01m[K/home/vboxuser/ros2_ws/src/autoronto_app_task_ima/src/solution.cpp:9[m[K:
[01m[K/home/vboxuser/ros2_ws/src/autoronto_app_task_ima/src/solution.cpp:78:49:[m[K [01;31m[Kerror: [m[Kâ€˜[01m[Klog_this[m[Kâ€™ was not declared in this scope
   78 |                 RCLCPP_INFO(this->get_logger(), [01;31m[Klog_this[m[K);
      |                                                 [01;31m[K^~~~~~~~[m[K
[01m[K/home/vboxuser/ros2_ws/src/autoronto_app_task_ima/src/solution.cpp:103:48:[m[K [01;35m[Kwarning: [m[Kvalue computed is not used [[01;35m[K]8;;https://gcc.gnu.org/onlinedocs/gcc/Warning-Options.html#index-Wunused-value-Wunused-value]8;;[m[K]
  103 |                                 input->data[i] + input->data[j];
gmake[2]: *** [CMakeFiles/solver.dir/build.make:76: CMakeFiles/solver.dir/src/solution.cpp.o] Error 1
gmake[1]: *** [CMakeFiles/Makefile2:193: CMakeFiles/solver.dir/all] Error 2
gmake: *** [Makefile:146: all] Error 2
