[0.129s] Invoking command in '/home/vboxuser/ros2_ws/src/autoronto_app_task_ima/build/autoronto_app_task_ima': CMAKE_PREFIX_PATH=${CMAKE_PREFIX_PATH}:/opt/ros/humble /usr/bin/cmake --build /home/vboxuser/ros2_ws/src/autoronto_app_task_ima/build/autoronto_app_task_ima -- -j2 -l2
[0.440s] [35m[1mConsolidate compiler generated dependencies of target talker[0m
[0.504s] [ 16%] [32mBuilding CXX object CMakeFiles/talker.dir/src/test_pub.cpp.o[0m
[4.961s] [01m[K/home/vboxuser/ros2_ws/src/autoronto_app_task_ima/src/test_pub.cpp:[m[K In member function â€˜[01m[Kvoid InputPublisher::timer_callback()[m[Kâ€™:
[4.961s] [01m[K/home/vboxuser/ros2_ws/src/autoronto_app_task_ima/src/test_pub.cpp:47:27:[m[K [01;31m[Kerror: [m[Krequest for member â€˜[01m[Kbegin[m[Kâ€™ in â€˜[01m[Kpayload[m[Kâ€™, which is of non-class type â€˜[01m[Kint8_t [9][m[Kâ€™ {aka â€˜[01m[Ksigned char [9][m[Kâ€™}
[4.961s]    47 |     std::shuffle (payload.[01;31m[Kbegin[m[K(), payload.end(), default_random_engine(seed)); // shuffle the order of payload
[4.962s]       |                           [01;31m[K^~~~~[m[K
[4.962s] [01m[K/home/vboxuser/ros2_ws/src/autoronto_app_task_ima/src/test_pub.cpp:47:44:[m[K [01;31m[Kerror: [m[Krequest for member â€˜[01m[Kend[m[Kâ€™ in â€˜[01m[Kpayload[m[Kâ€™, which is of non-class type â€˜[01m[Kint8_t [9][m[Kâ€™ {aka â€˜[01m[Ksigned char [9][m[Kâ€™}
[4.962s]    47 |     std::shuffle (payload.begin(), payload.[01;31m[Kend[m[K(), default_random_engine(seed)); // shuffle the order of payload
[4.962s]       |                                            [01;31m[K^~~[m[K
[4.985s] [01m[K/home/vboxuser/ros2_ws/src/autoronto_app_task_ima/src/test_pub.cpp:47:51:[m[K [01;31m[Kerror: [m[Kâ€˜[01m[Kdefault_random_engine[m[Kâ€™ was not declared in this scope
[4.985s]    47 |     std::shuffle (payload.begin(), payload.end(), [01;31m[Kdefault_random_engine[m[K(seed)); // shuffle the order of payload
[4.986s]       |                                                   [01;31m[K^~~~~~~~~~~~~~~~~~~~~[m[K
[4.986s] [01m[K/home/vboxuser/ros2_ws/src/autoronto_app_task_ima/src/test_pub.cpp:50:24:[m[K [01;35m[Kwarning: [m[Kunused variable â€˜[01m[Ktmp[m[Kâ€™ [[01;35m[K]8;;https://gcc.gnu.org/onlinedocs/gcc/Warning-Options.html#index-Wunused-variable-Wunused-variable]8;;[m[K]
[4.986s]    50 |                 int8_t [01;35m[Ktmp[m[K=payload[i];
[4.986s]       |                        [01;35m[K^~~[m[K
[6.591s] gmake[2]: *** [CMakeFiles/talker.dir/build.make:76: CMakeFiles/talker.dir/src/test_pub.cpp.o] Error 1
[6.592s] gmake[1]: *** [CMakeFiles/Makefile2:141: CMakeFiles/talker.dir/all] Error 2
[6.592s] gmake: *** [Makefile:146: all] Error 2
[6.605s] Invoked command in '/home/vboxuser/ros2_ws/src/autoronto_app_task_ima/build/autoronto_app_task_ima' returned '2': CMAKE_PREFIX_PATH=${CMAKE_PREFIX_PATH}:/opt/ros/humble /usr/bin/cmake --build /home/vboxuser/ros2_ws/src/autoronto_app_task_ima/build/autoronto_app_task_ima -- -j2 -l2
