[ 33%] Built target listener
[ 66%] Built target talker
[35m[1mConsolidate compiler generated dependencies of target solver[0m
[ 83%] [32mBuilding CXX object CMakeFiles/solver.dir/src/solution.cpp.o[0m
[01m[K/home/vboxuser/ros2_ws/src/autoronto_app_task_ima/src/solution.cpp:[m[K In member function â€˜[01m[Kvoid time_sync::SyncCallback(const ConstSharedPtr&, const ConstSharedPtr&)[m[Kâ€™:
[01m[K/home/vboxuser/ros2_ws/src/autoronto_app_task_ima/src/solution.cpp:59:30:[m[K [01;31m[Kerror: [m[Kuninitialized â€˜[01m[Kconst input_stride[m[Kâ€™ [[01;31m[K]8;;https://gcc.gnu.org/onlinedocs/gcc/Warning-Options.html#index-fpermissive-fpermissive]8;;[m[K]
   59 |                 const int8_t [01;31m[Kinput_stride[m[K;
      |                              [01;31m[K^~~~~~~~~~~~[m[K
[01m[K/home/vboxuser/ros2_ws/src/autoronto_app_task_ima/src/solution.cpp:59:30:[m[K [01;35m[Kwarning: [m[Kunused variable â€˜[01m[Kinput_stride[m[Kâ€™ [[01;35m[K]8;;https://gcc.gnu.org/onlinedocs/gcc/Warning-Options.html#index-Wunused-variable-Wunused-variable]8;;[m[K]
gmake[2]: *** [CMakeFiles/solver.dir/build.make:76: CMakeFiles/solver.dir/src/solution.cpp.o] Error 1
gmake[1]: *** [CMakeFiles/Makefile2:193: CMakeFiles/solver.dir/all] Error 2
gmake: *** [Makefile:146: all] Error 2
