[0.067s] Invoking command in '/home/vboxuser/ros2_ws/src/autoronto_app_task_ima/build/autoronto_app_task_ima': CMAKE_PREFIX_PATH=${CMAKE_PREFIX_PATH}:/opt/ros/humble /usr/bin/cmake --build /home/vboxuser/ros2_ws/src/autoronto_app_task_ima/build/autoronto_app_task_ima -- -j2 -l2
[0.354s] [ 33%] Built target listener
[0.365s] [ 66%] Built target talker
[0.488s] [35m[1mConsolidate compiler generated dependencies of target solver[0m
[0.587s] [ 83%] [32mBuilding CXX object CMakeFiles/solver.dir/src/solution.cpp.o[0m
[13.393s] [01m[K/home/vboxuser/ros2_ws/src/autoronto_app_task_ima/src/solution.cpp:[m[K In member function â€˜[01m[Kvoid time_sync::SyncCallback(const ConstSharedPtr&, const ConstSharedPtr&)[m[Kâ€™:
[13.393s] [01m[K/home/vboxuser/ros2_ws/src/autoronto_app_task_ima/src/solution.cpp:59:30:[m[K [01;31m[Kerror: [m[Kuninitialized â€˜[01m[Kconst input_stride[m[Kâ€™ [[01;31m[K]8;;https://gcc.gnu.org/onlinedocs/gcc/Warning-Options.html#index-fpermissive-fpermissive]8;;[m[K]
[13.394s]    59 |                 const int8_t [01;31m[Kinput_stride[m[K;
[13.394s]       |                              [01;31m[K^~~~~~~~~~~~[m[K
[13.413s] [01m[K/home/vboxuser/ros2_ws/src/autoronto_app_task_ima/src/solution.cpp:59:30:[m[K [01;35m[Kwarning: [m[Kunused variable â€˜[01m[Kinput_stride[m[Kâ€™ [[01;35m[K]8;;https://gcc.gnu.org/onlinedocs/gcc/Warning-Options.html#index-Wunused-variable-Wunused-variable]8;;[m[K]
[32.393s] gmake[2]: *** [CMakeFiles/solver.dir/build.make:76: CMakeFiles/solver.dir/src/solution.cpp.o] Error 1
[32.415s] gmake[1]: *** [CMakeFiles/Makefile2:193: CMakeFiles/solver.dir/all] Error 2
[32.415s] gmake: *** [Makefile:146: all] Error 2
[32.424s] Invoked command in '/home/vboxuser/ros2_ws/src/autoronto_app_task_ima/build/autoronto_app_task_ima' returned '2': CMAKE_PREFIX_PATH=${CMAKE_PREFIX_PATH}:/opt/ros/humble /usr/bin/cmake --build /home/vboxuser/ros2_ws/src/autoronto_app_task_ima/build/autoronto_app_task_ima -- -j2 -l2
