[0.296s] Invoking command in '/home/vboxuser/ros2_ws/src/autoronto_app_task_ima/build/autoronto_app_task_ima': CMAKE_PREFIX_PATH=${CMAKE_PREFIX_PATH}:/opt/ros/humble /usr/bin/cmake --build /home/vboxuser/ros2_ws/src/autoronto_app_task_ima/build/autoronto_app_task_ima -- -j2 -l2
[0.868s] [ 16%] [32mBuilding CXX object CMakeFiles/talker.dir/src/test_pub.cpp.o[0m
[0.869s] [ 50%] Built target listener
[1.100s] [35m[1mConsolidate compiler generated dependencies of target solver[0m
[1.195s] [ 83%] Built target solver
[17.268s] [01m[K/home/vboxuser/ros2_ws/src/autoronto_app_task_ima/src/test_pub.cpp:[m[K In member function â€˜[01m[Kvoid InputPublisher::timer_callback()[m[Kâ€™:
[17.269s] [01m[K/home/vboxuser/ros2_ws/src/autoronto_app_task_ima/src/test_pub.cpp:62:47:[m[K [01;31m[Kerror: [m[Kâ€˜[01m[Kinput_size[m[Kâ€™ was not declared in this scope
[17.269s]    62 |                                 else if (i == [01;31m[Kinput_size[m[K-1){
[17.269s]       |                                               [01;31m[K^~~~~~~~~~[m[K
[18.892s] gmake[2]: *** [CMakeFiles/talker.dir/build.make:76: CMakeFiles/talker.dir/src/test_pub.cpp.o] Error 1
[18.892s] gmake[1]: *** [CMakeFiles/Makefile2:141: CMakeFiles/talker.dir/all] Error 2
[18.893s] gmake: *** [Makefile:146: all] Error 2
[18.910s] Invoked command in '/home/vboxuser/ros2_ws/src/autoronto_app_task_ima/build/autoronto_app_task_ima' returned '2': CMAKE_PREFIX_PATH=${CMAKE_PREFIX_PATH}:/opt/ros/humble /usr/bin/cmake --build /home/vboxuser/ros2_ws/src/autoronto_app_task_ima/build/autoronto_app_task_ima -- -j2 -l2
