[0.155s] Invoking command in '/home/vboxuser/ros2_ws/src/autoronto_app_task_ima/build/autoronto_app_task_ima': CMAKE_PREFIX_PATH=${CMAKE_PREFIX_PATH}:/opt/ros/humble /usr/bin/cmake --build /home/vboxuser/ros2_ws/src/autoronto_app_task_ima/build/autoronto_app_task_ima -- -j2 -l2
[0.454s] [35m[1mConsolidate compiler generated dependencies of target talker[0m
[0.724s] [ 33%] Built target talker
[0.773s] [ 66%] Built target listener
[0.967s] [ 83%] [32mBuilding CXX object CMakeFiles/solver.dir/src/solution.cpp.o[0m
[20.055s] [01m[K/home/vboxuser/ros2_ws/src/autoronto_app_task_ima/src/solution.cpp:[m[K In member function â€˜[01m[Kvoid time_sync::SyncCallback(const ConstSharedPtr&, const ConstSharedPtr&)[m[Kâ€™:
[20.056s] [01m[K/home/vboxuser/ros2_ws/src/autoronto_app_task_ima/src/solution.cpp:66:17:[m[K [01;31m[Kerror: [m[Kexpected â€˜[01m[K,[m[Kâ€™ or â€˜[01m[K;[m[Kâ€™ before â€˜[01m[Kfor[m[Kâ€™
[20.056s]    66 |                 [01;31m[Kfor[m[K(int i=input_offset; i<input_size+input_offset; i+=input_stride){
[20.056s]       |                 [01;31m[K^~~[m[K
[20.056s] [01m[K/home/vboxuser/ros2_ws/src/autoronto_app_task_ima/src/solution.cpp:66:41:[m[K [01;31m[Kerror: [m[Kâ€˜[01m[Ki[m[Kâ€™ was not declared in this scope
[20.056s]    66 |                 for(int i=input_offset; [01;31m[Ki[m[K<input_size+input_offset; i+=input_stride){
[20.056s]       |                                         [01;31m[K^[m[K
[51.223s] gmake[2]: *** [CMakeFiles/solver.dir/build.make:76: CMakeFiles/solver.dir/src/solution.cpp.o] Error 1
[51.223s] gmake[1]: *** [CMakeFiles/Makefile2:193: CMakeFiles/solver.dir/all] Error 2
[51.226s] gmake: *** [Makefile:146: all] Error 2
[51.241s] Invoked command in '/home/vboxuser/ros2_ws/src/autoronto_app_task_ima/build/autoronto_app_task_ima' returned '2': CMAKE_PREFIX_PATH=${CMAKE_PREFIX_PATH}:/opt/ros/humble /usr/bin/cmake --build /home/vboxuser/ros2_ws/src/autoronto_app_task_ima/build/autoronto_app_task_ima -- -j2 -l2
