[0.053s] Invoking command in '/home/vboxuser/ros2_ws/src/autoronto_app_task_ima/build/autoronto_app_task_ima': CMAKE_PREFIX_PATH=${CMAKE_PREFIX_PATH}:/opt/ros/humble /usr/bin/cmake --build /home/vboxuser/ros2_ws/src/autoronto_app_task_ima/build/autoronto_app_task_ima -- -j2 -l2
[0.392s] [ 33%] Built target talker
[0.402s] [ 66%] Built target listener
[0.464s] [35m[1mConsolidate compiler generated dependencies of target solver[0m
[0.562s] [ 83%] [32mBuilding CXX object CMakeFiles/solver.dir/src/solution.cpp.o[0m
[13.955s] [01m[K/home/vboxuser/ros2_ws/src/autoronto_app_task_ima/src/solution.cpp:[m[K In member function â€˜[01m[Kvoid time_sync::SyncCallback(const ConstSharedPtr&, const ConstSharedPtr&)[m[Kâ€™:
[13.955s] [01m[K/home/vboxuser/ros2_ws/src/autoronto_app_task_ima/src/solution.cpp:69:74:[m[K [01;31m[Kerror: [m[Kâ€˜[01m[Kto_string[m[Kâ€™ was not declared in this scope
[13.956s]    69 |                                           log_this += "input: [" + [01;31m[Kto_string[m[K(tmp) + ", ";
[13.957s]       |                                                                    [01;31m[K^~~~~~~~~[m[K
[13.958s] 
[13.958s] [01m[K/home/vboxuser/ros2_ws/src/autoronto_app_task_ima/src/solution.cpp:69:74:[m[K [01;36m[Knote: [m[Ksuggested alternatives:
[13.966s] In file included from [01m[K/usr/include/c++/11/string:55[m[K,
[13.966s]                  from [01m[K/home/vboxuser/ros2_ws/src/autoronto_app_task_ima/src/solution.cpp:8[m[K:
[13.966s] [01m[K/usr/include/c++/11/bits/basic_string.h:6739:3:[m[K [01;36m[Knote: [m[K  â€˜[01m[Kstd::__cxx11::to_string[m[Kâ€™
[13.967s]  6739 |   [01;36m[Kto_string[m[K(long double __val)
[13.967s]       |   [01;36m[K^~~~~~~~~[m[K
[13.967s] In file included from [01m[K/opt/ros/humble/include/rclcpp/rclcpp/parameter.hpp:26[m[K,
[13.967s]                  from [01m[K/opt/ros/humble/include/rclcpp/rclcpp/node_interfaces/node_parameters_interface.hpp:28[m[K,
[13.968s]                  from [01m[K/opt/ros/humble/include/rclcpp/rclcpp/node.hpp:54[m[K,
[13.968s]                  from [01m[K/opt/ros/humble/include/rclcpp/rclcpp/executors/single_threaded_executor.hpp:28[m[K,
[13.968s]                  from [01m[K/opt/ros/humble/include/rclcpp/rclcpp/executors.hpp:22[m[K,
[13.968s]                  from [01m[K/opt/ros/humble/include/rclcpp/rclcpp/rclcpp.hpp:155[m[K,
[13.968s]                  from [01m[K/home/vboxuser/ros2_ws/src/autoronto_app_task_ima/src/solution.cpp:9[m[K:
[13.969s] [01m[K/opt/ros/humble/include/rclcpp/rclcpp/parameter_value.hpp:361:1:[m[K [01;36m[Knote: [m[K  â€˜[01m[Krclcpp::to_string[m[Kâ€™
[13.976s]   361 | [01;36m[Kto_string[m[K(const ParameterValue & type);
[13.976s]       | [01;36m[K^~~~~~~~~[m[K
[13.977s] [01m[K/home/vboxuser/ros2_ws/src/autoronto_app_task_ima/src/solution.cpp:72:61:[m[K [01;31m[Kerror: [m[Kâ€˜[01m[Kto_string[m[Kâ€™ was not declared in this scope
[13.977s]    72 |                                                 log_this += [01;31m[Kto_string[m[K(tmp) + "]";
[13.977s]       |                                                             [01;31m[K^~~~~~~~~[m[K
[13.977s] [01m[K/home/vboxuser/ros2_ws/src/autoronto_app_task_ima/src/solution.cpp:72:61:[m[K [01;36m[Knote: [m[Ksuggested alternatives:
[13.977s] In file included from [01m[K/usr/include/c++/11/string:55[m[K,
[14.025s]                  from [01m[K/home/vboxuser/ros2_ws/src/autoronto_app_task_ima/src/solution.cpp:8[m[K:
[14.027s] [01m[K/usr/include/c++/11/bits/basic_string.h:6739:3:[m[K [01;36m[Knote: [m[K  â€˜[01m[Kstd::__cxx11::to_string[m[Kâ€™
[14.027s]  6739 |   [01;36m[Kto_string[m[K(long double __val)
[14.028s]       |   [01;36m[K^~~~~~~~~[m[K
[14.029s] In file included from [01m[K/opt/ros/humble/include/rclcpp/rclcpp/parameter.hpp:26[m[K,
[14.029s]                  from [01m[K/opt/ros/humble/include/rclcpp/rclcpp/node_interfaces/node_parameters_interface.hpp:28[m[K,
[14.029s]                  from [01m[K/opt/ros/humble/include/rclcpp/rclcpp/node.hpp:54[m[K,
[14.030s]                  from [01m[K/opt/ros/humble/include/rclcpp/rclcpp/executors/single_threaded_executor.hpp:28[m[K,
[14.031s]                  from [01m[K/opt/ros/humble/include/rclcpp/rclcpp/executors.hpp:22[m[K,
[14.032s]                  from [01m[K/opt/ros/humble/include/rclcpp/rclcpp/rclcpp.hpp:155[m[K,
[14.032s]                  from [01m[K/home/vboxuser/ros2_ws/src/autoronto_app_task_ima/src/solution.cpp:9[m[K:
[14.032s] [01m[K/opt/ros/humble/include/rclcpp/rclcpp/parameter_value.hpp:361:1:[m[K [01;36m[Knote: [m[K  â€˜[01m[Krclcpp::to_string[m[Kâ€™
[14.032s]   361 | [01;36m[Kto_string[m[K(const ParameterValue & type);
[14.032s]       | [01;36m[K^~~~~~~~~[m[K
[14.033s] [01m[K/home/vboxuser/ros2_ws/src/autoronto_app_task_ima/src/solution.cpp:75:61:[m[K [01;31m[Kerror: [m[Kâ€˜[01m[Kto_string[m[Kâ€™ was not declared in this scope
[14.033s]    75 |                                                 log_this += [01;31m[Kto_string[m[K(tmp) + ", ";
[14.033s]       |                                                             [01;31m[K^~~~~~~~~[m[K
[14.033s] [01m[K/home/vboxuser/ros2_ws/src/autoronto_app_task_ima/src/solution.cpp:75:61:[m[K [01;36m[Knote: [m[Ksuggested alternatives:
[14.033s] In file included from [01m[K/usr/include/c++/11/string:55[m[K,
[14.033s]                  from [01m[K/home/vboxuser/ros2_ws/src/autoronto_app_task_ima/src/solution.cpp:8[m[K:
[14.033s] [01m[K/usr/include/c++/11/bits/basic_string.h:6739:3:[m[K [01;36m[Knote: [m[K  â€˜[01m[Kstd::__cxx11::to_string[m[Kâ€™
[14.034s]  6739 |   [01;36m[Kto_string[m[K(long double __val)
[14.034s]       |   [01;36m[K^~~~~~~~~[m[K
[14.034s] In file included from [01m[K/opt/ros/humble/include/rclcpp/rclcpp/parameter.hpp:26[m[K,
[14.034s]                  from [01m[K/opt/ros/humble/include/rclcpp/rclcpp/node_interfaces/node_parameters_interface.hpp:28[m[K,
[14.034s]                  from [01m[K/opt/ros/humble/include/rclcpp/rclcpp/node.hpp:54[m[K,
[14.034s]                  from [01m[K/opt/ros/humble/include/rclcpp/rclcpp/executors/single_threaded_executor.hpp:28[m[K,
[14.034s]                  from [01m[K/opt/ros/humble/include/rclcpp/rclcpp/executors.hpp:22[m[K,
[14.035s]                  from [01m[K/opt/ros/humble/include/rclcpp/rclcpp/rclcpp.hpp:155[m[K,
[14.035s]                  from [01m[K/home/vboxuser/ros2_ws/src/autoronto_app_task_ima/src/solution.cpp:9[m[K:
[14.035s] [01m[K/opt/ros/humble/include/rclcpp/rclcpp/parameter_value.hpp:361:1:[m[K [01;36m[Knote: [m[K  â€˜[01m[Krclcpp::to_string[m[Kâ€™
[14.035s]   361 | [01;36m[Kto_string[m[K(const ParameterValue & type);
[14.035s]       | [01;36m[K^~~~~~~~~[m[K
[14.048s] In file included from [01m[K/opt/ros/humble/include/rclcpp/rclcpp/logging.hpp:24[m[K,
[14.062s]                  from [01m[K/opt/ros/humble/include/rclcpp/rclcpp/client.hpp:40[m[K,
[14.062s]                  from [01m[K/opt/ros/humble/include/rclcpp/rclcpp/callback_group.hpp:24[m[K,
[14.063s]                  from [01m[K/opt/ros/humble/include/rclcpp/rclcpp/any_executable.hpp:20[m[K,
[14.063s]                  from [01m[K/opt/ros/humble/include/rclcpp/rclcpp/memory_strategy.hpp:25[m[K,
[14.063s]                  from [01m[K/opt/ros/humble/include/rclcpp/rclcpp/memory_strategies.hpp:18[m[K,
[14.063s]                  from [01m[K/opt/ros/humble/include/rclcpp/rclcpp/executor_options.hpp:20[m[K,
[14.064s]                  from [01m[K/opt/ros/humble/include/rclcpp/rclcpp/executor.hpp:37[m[K,
[14.064s]                  from [01m[K/opt/ros/humble/include/rclcpp/rclcpp/executors/multi_threaded_executor.hpp:25[m[K,
[14.064s]                  from [01m[K/opt/ros/humble/include/rclcpp/rclcpp/executors.hpp:21[m[K,
[14.064s]                  from [01m[K/opt/ros/humble/include/rclcpp/rclcpp/rclcpp.hpp:155[m[K,
[14.065s]                  from [01m[K/home/vboxuser/ros2_ws/src/autoronto_app_task_ima/src/solution.cpp:9[m[K:
[14.065s] [01m[K/home/vboxuser/ros2_ws/src/autoronto_app_task_ima/src/solution.cpp:78:49:[m[K [01;31m[Kerror: [m[Kcannot convert â€˜[01m[Kstd::string[m[Kâ€™ {aka â€˜[01m[Kstd::__cxx11::basic_string<char>[m[Kâ€™} to â€˜[01m[Kconst char*[m[Kâ€™
[14.065s]    78 |                 RCLCPP_INFO(this->get_logger(), [01;31m[Klog_this[m[K);
[14.065s]       |                                                 [01;31m[K^~~~~~~~[m[K
[14.065s]       |                                                 [01;31m[K|[m[K
[14.066s]       |                                                 [01;31m[Kstd::string {aka std::__cxx11::basic_string<char>}[m[K
[14.066s] In file included from [01m[K/opt/ros/humble/include/rmw/rmw/types.h:28[m[K,
[14.066s]                  from [01m[K/opt/ros/humble/include/rcl/rcl/types.h:20[m[K,
[14.066s]                  from [01m[K/opt/ros/humble/include/rcl/rcl/log_level.h:22[m[K,
[14.067s]                  from [01m[K/opt/ros/humble/include/rcl/rcl/arguments.h:21[m[K,
[14.067s]                  from [01m[K/opt/ros/humble/include/rcl/rcl/context.h:28[m[K,
[14.067s]                  from [01m[K/opt/ros/humble/include/rcl/rcl/guard_condition.h:26[m[K,
[14.067s]                  from [01m[K/opt/ros/humble/include/rclcpp/rclcpp/executor.hpp:30[m[K,
[14.067s]                  from [01m[K/opt/ros/humble/include/rclcpp/rclcpp/executors/multi_threaded_executor.hpp:25[m[K,
[14.067s]                  from [01m[K/opt/ros/humble/include/rclcpp/rclcpp/executors.hpp:21[m[K,
[14.067s]                  from [01m[K/opt/ros/humble/include/rclcpp/rclcpp/rclcpp.hpp:155[m[K,
[14.067s]                  from [01m[K/home/vboxuser/ros2_ws/src/autoronto_app_task_ima/src/solution.cpp:9[m[K:
[14.067s] [01m[K/opt/ros/humble/include/rcutils/rcutils/logging.h:479:16:[m[K [01;36m[Knote: [m[K  initializing argument 4 of â€˜[01m[Kvoid rcutils_log(const rcutils_log_location_t*, int, const char*, const char*, ...)[m[Kâ€™
[14.068s]   479 |   [01;36m[Kconst char * format[m[K,
[14.068s]       |   [01;36m[K~~~~~~~~~~~~~^~~~~~[m[K
[14.068s] [01m[K/home/vboxuser/ros2_ws/src/autoronto_app_task_ima/src/solution.cpp:103:48:[m[K [01;35m[Kwarning: [m[Kvalue computed is not used [[01;35m[K]8;;https://gcc.gnu.org/onlinedocs/gcc/Warning-Options.html#index-Wunused-value-Wunused-value]8;;[m[K]
[14.068s]   103 |                                 input->data[i] + input->data[j];
[38.308s] gmake[2]: *** [CMakeFiles/solver.dir/build.make:76: CMakeFiles/solver.dir/src/solution.cpp.o] Error 1
[38.308s] gmake[1]: *** [CMakeFiles/Makefile2:193: CMakeFiles/solver.dir/all] Error 2
[38.309s] gmake: *** [Makefile:146: all] Error 2
[38.334s] Invoked command in '/home/vboxuser/ros2_ws/src/autoronto_app_task_ima/build/autoronto_app_task_ima' returned '2': CMAKE_PREFIX_PATH=${CMAKE_PREFIX_PATH}:/opt/ros/humble /usr/bin/cmake --build /home/vboxuser/ros2_ws/src/autoronto_app_task_ima/build/autoronto_app_task_ima -- -j2 -l2
