[35m[1mConsolidate compiler generated dependencies of target talker[0m
[ 33%] Built target listener
[ 50%] [32mBuilding CXX object CMakeFiles/talker.dir/src/test_pub.cpp.o[0m
[ 83%] Built target solver
[01m[K/home/vboxuser/ros2_ws/src/autoronto_app_task_ima/src/test_pub.cpp:[m[K In member function â€˜[01m[Kvoid InputPublisher::timer_callback()[m[Kâ€™:
[01m[K/home/vboxuser/ros2_ws/src/autoronto_app_task_ima/src/test_pub.cpp:47:27:[m[K [01;31m[Kerror: [m[Krequest for member â€˜[01m[Kbegin[m[Kâ€™ in â€˜[01m[Kpayload[m[Kâ€™, which is of non-class type â€˜[01m[Kint8_t [9][m[Kâ€™ {aka â€˜[01m[Ksigned char [9][m[Kâ€™}
   47 |     std::shuffle (payload.[01;31m[Kbegin[m[K(), payload.end(), default_random_engine(seed)); // shuffle the order of payload
      |                           [01;31m[K^~~~~[m[K
[01m[K/home/vboxuser/ros2_ws/src/autoronto_app_task_ima/src/test_pub.cpp:47:44:[m[K [01;31m[Kerror: [m[Krequest for member â€˜[01m[Kend[m[Kâ€™ in â€˜[01m[Kpayload[m[Kâ€™, which is of non-class type â€˜[01m[Kint8_t [9][m[Kâ€™ {aka â€˜[01m[Ksigned char [9][m[Kâ€™}
   47 |     std::shuffle (payload.begin(), payload.[01;31m[Kend[m[K(), default_random_engine(seed)); // shuffle the order of payload
      |                                            [01;31m[K^~~[m[K
[01m[K/home/vboxuser/ros2_ws/src/autoronto_app_task_ima/src/test_pub.cpp:47:51:[m[K [01;31m[Kerror: [m[Kâ€˜[01m[Kdefault_random_engine[m[Kâ€™ was not declared in this scope
   47 |     std::shuffle (payload.begin(), payload.end(), [01;31m[Kdefault_random_engine[m[K(seed)); // shuffle the order of payload
      |                                                   [01;31m[K^~~~~~~~~~~~~~~~~~~~~[m[K
[01m[K/home/vboxuser/ros2_ws/src/autoronto_app_task_ima/src/test_pub.cpp:50:24:[m[K [01;35m[Kwarning: [m[Kunused variable â€˜[01m[Ktmp[m[Kâ€™ [[01;35m[K]8;;https://gcc.gnu.org/onlinedocs/gcc/Warning-Options.html#index-Wunused-variable-Wunused-variable]8;;[m[K]
   50 |                 int8_t [01;35m[Ktmp[m[K=payload[i];
      |                        [01;35m[K^~~[m[K
gmake[2]: *** [CMakeFiles/talker.dir/build.make:76: CMakeFiles/talker.dir/src/test_pub.cpp.o] Error 1
gmake[1]: *** [CMakeFiles/Makefile2:141: CMakeFiles/talker.dir/all] Error 2
gmake: *** [Makefile:146: all] Error 2
